\BOOKMARK [0][-]{chapter.1}{绪论}{}% 1
\BOOKMARK [1][-]{section.1.1}{洁净煤技术基本概念及框架体系}{chapter.1}% 2
\BOOKMARK [1][-]{section.1.2}{国内外洁净煤技术研究发展状况}{chapter.1}% 3
\BOOKMARK [2][-]{subsection.1.2.1}{国外洁净煤技术研究发展状况}{section.1.2}% 4
\BOOKMARK [2][-]{subsection.1.2.2}{国内洁净煤技术研究发展现状}{section.1.2}% 5
\BOOKMARK [1][-]{section.1.3}{洁净燃煤发电技术}{chapter.1}% 6
\BOOKMARK [2][-]{subsection.1.3.1}{整体煤炭气化燃气-蒸汽联合循环发电（IGCC）}{section.1.3}% 7
\BOOKMARK [2][-]{subsection.1.3.2}{循环流化床燃烧（CFBC）技术}{section.1.3}% 8
\BOOKMARK [2][-]{subsection.1.3.3}{煤炭转化技术}{section.1.3}% 9
\BOOKMARK [2][-]{subsection.1.3.4}{污染控制与资源合理开发利用技术}{section.1.3}% 10
\BOOKMARK [1][-]{section.1.4}{发展洁净煤技术的重大意义}{chapter.1}% 11
\BOOKMARK [1][-]{section.1.5}{清洁生产 }{chapter.1}% 12
\BOOKMARK [0][-]{chapter.2}{煤炭基础知识}{}% 13
\BOOKMARK [1][-]{section.2.1}{煤岩学基础}{chapter.2}% 14
\BOOKMARK [2][-]{subsection.2.1.1}{煤的形成}{section.2.1}% 15
\BOOKMARK [2][-]{subsection.2.1.2}{煤的显微组分}{section.2.1}% 16
\BOOKMARK [2][-]{subsection.2.1.3}{煤中的矿物质}{section.2.1}% 17
\BOOKMARK [1][-]{section.2.2}{煤的性质}{chapter.2}% 18
\BOOKMARK [2][-]{subsection.2.2.1}{煤的工业分析}{section.2.2}% 19
\BOOKMARK [2][-]{subsection.2.2.2}{煤的元素分析}{section.2.2}% 20
\BOOKMARK [2][-]{subsection.2.2.3}{煤质分析中的基准及其相互换算}{section.2.2}% 21
\BOOKMARK [2][-]{subsection.2.2.4}{煤的物理性质和工艺性质}{section.2.2}% 22
\BOOKMARK [1][-]{section.2.3}{中国煤炭分类}{chapter.2}% 23
\BOOKMARK [2][-]{subsection.2.3.1}{分类方案 }{section.2.3}% 24
\BOOKMARK [2][-]{subsection.2.3.2}{各类煤的基本特性及其主要用途}{section.2.3}% 25
\BOOKMARK [1][-]{section.2.4}{中国煤质特征}{chapter.2}% 26
\BOOKMARK [2][-]{subsection.2.4.1}{煤的硫分 }{section.2.4}% 27
\BOOKMARK [2][-]{subsection.2.4.2}{煤的灰分}{section.2.4}% 28
\BOOKMARK [2][-]{subsection.2.4.3}{煤的发热量}{section.2.4}% 29
\BOOKMARK [2][-]{subsection.2.4.4}{中国煤的其它质量指标}{section.2.4}% 30
\BOOKMARK [1][-]{section.2.5}{中国煤炭质量分级标准}{chapter.2}% 31
\BOOKMARK [2][-]{subsection.2.5.1}{煤灰分分级}{section.2.5}% 32
\BOOKMARK [2][-]{subsection.2.5.2}{硫分分级}{section.2.5}% 33
\BOOKMARK [2][-]{subsection.2.5.3}{煤炭发热量分级 }{section.2.5}% 34
\BOOKMARK [2][-]{subsection.2.5.4}{煤的挥发分产率分级 }{section.2.5}% 35
\BOOKMARK [1][-]{section.2.6}{各种工业用煤质量指标}{chapter.2}% 36
\BOOKMARK [2][-]{subsection.2.6.1}{炼焦用煤的质量要求}{section.2.6}% 37
\BOOKMARK [2][-]{subsection.2.6.2}{发电用煤的质量要求}{section.2.6}% 38
\BOOKMARK [2][-]{subsection.2.6.3}{气化用煤的质量要求}{section.2.6}% 39
\BOOKMARK [2][-]{subsection.2.6.4}{蒸汽机车用煤的质量要求}{section.2.6}% 40
\BOOKMARK [2][-]{subsection.2.6.5}{水泥回转窑用煤的质量要求}{section.2.6}% 41
\BOOKMARK [2][-]{subsection.2.6.6}{高炉喷吹用无烟煤质量要求}{section.2.6}% 42
\BOOKMARK [0][-]{chapter.3}{煤炭洗选、脱硫与动力配煤}{}% 43
\BOOKMARK [1][-]{section.3.1}{煤炭洗选加工现状}{chapter.3}% 44
\BOOKMARK [2][-]{subsection.3.1.1}{煤炭能源在我国的地位和作用}{section.3.1}% 45
\BOOKMARK [2][-]{subsection.3.1.2}{中国煤炭洗选加工现状}{section.3.1}% 46
\BOOKMARK [2][-]{subsection.3.1.3}{选煤工业发展趋势}{section.3.1}% 47
\BOOKMARK [1][-]{section.3.2}{煤炭洗选工艺}{chapter.3}% 48
\BOOKMARK [2][-]{subsection.3.2.1}{跳汰选煤方面}{section.3.2}% 49
\BOOKMARK [2][-]{subsection.3.2.2}{重介选煤方面}{section.3.2}% 50
\BOOKMARK [2][-]{subsection.3.2.3}{浮游选煤方面}{section.3.2}% 51
\BOOKMARK [2][-]{subsection.3.2.4}{干法选煤方面}{section.3.2}% 52
\BOOKMARK [2][-]{subsection.3.2.5}{辅助工艺及设备方面}{section.3.2}% 53
\BOOKMARK [1][-]{section.3.3}{脱硫技术}{chapter.3}% 54
\BOOKMARK [2][-]{subsection.3.3.1}{重选脱硫}{section.3.3}% 55
\BOOKMARK [2][-]{subsection.3.3.2}{电磁选}{section.3.3}% 56
\BOOKMARK [2][-]{subsection.3.3.3}{化学脱硫}{section.3.3}% 57
\BOOKMARK [2][-]{subsection.3.3.4}{生物脱硫技术}{section.3.3}% 58
\BOOKMARK [2][-]{subsection.3.3.5}{微生物表面处理浮选法}{section.3.3}% 59
\BOOKMARK [2][-]{subsection.3.3.6}{煤泥脱硫技术}{section.3.3}% 60
\BOOKMARK [2][-]{subsection.3.3.7}{其他脱硫}{section.3.3}% 61
\BOOKMARK [1][-]{section.3.4}{动力配煤}{chapter.3}% 62
\BOOKMARK [2][-]{subsection.3.4.1}{动力配煤的意义}{section.3.4}% 63
\BOOKMARK [2][-]{subsection.3.4.2}{动力配煤的主要优点}{section.3.4}% 64
\BOOKMARK [2][-]{subsection.3.4.3}{工业锅炉对煤质的要求}{section.3.4}% 65
\BOOKMARK [2][-]{subsection.3.4.4}{动力配煤的优化配置}{section.3.4}% 66
\BOOKMARK [2][-]{subsection.3.4.5}{动力配煤的固硫技术}{section.3.4}% 67
\BOOKMARK [0][-]{chapter.4}{型煤}{}% 68
\BOOKMARK [1][-]{section.4.1}{型煤种类}{chapter.4}% 69
\BOOKMARK [1][-]{section.4.2}{型煤粘结剂}{chapter.4}% 70
\BOOKMARK [1][-]{section.4.3}{民用型煤}{chapter.4}% 71
\BOOKMARK [1][-]{section.4.4}{工业型煤}{chapter.4}% 72
\BOOKMARK [2][-]{subsection.4.4.1}{工业型煤的种类 }{section.4.4}% 73
\BOOKMARK [2][-]{subsection.4.4.2}{工业型煤的特点}{section.4.4}% 74
\BOOKMARK [2][-]{subsection.4.4.3}{工业型煤的应用}{section.4.4}% 75
\BOOKMARK [1][-]{section.4.5}{型煤生产工艺}{chapter.4}% 76
\BOOKMARK [2][-]{subsection.4.5.1}{无粘结剂冷压成型}{section.4.5}% 77
\BOOKMARK [2][-]{subsection.4.5.2}{粉煤有粘结剂冷压成型}{section.4.5}% 78
\BOOKMARK [2][-]{subsection.4.5.3}{粉煤热压成型}{section.4.5}% 79
\BOOKMARK [0][-]{chapter.5}{水煤浆技术}{}% 80
\BOOKMARK [1][-]{section.5.1}{水煤浆的产生及发展}{chapter.5}% 81
\BOOKMARK [2][-]{subsection.5.1.1}{水煤浆的产生}{section.5.1}% 82
\BOOKMARK [2][-]{subsection.5.1.2}{水煤浆在我国的发展}{section.5.1}% 83
\BOOKMARK [1][-]{section.5.2}{煤的成浆性}{chapter.5}% 84
\BOOKMARK [2][-]{subsection.5.2.1}{煤的成浆性}{section.5.2}% 85
\BOOKMARK [2][-]{subsection.5.2.2}{水煤浆特性}{section.5.2}% 86
\BOOKMARK [2][-]{subsection.5.2.3}{煤成浆性的影响因素及评价}{section.5.2}% 87
\BOOKMARK [2][-]{subsection.5.2.4}{改善煤成浆性的措施}{section.5.2}% 88
\BOOKMARK [1][-]{section.5.3}{水煤浆制浆工艺}{chapter.5}% 89
\BOOKMARK [2][-]{subsection.5.3.1}{确定制浆工艺的依据}{section.5.3}% 90
\BOOKMARK [2][-]{subsection.5.3.2}{制浆方法的主要环节及功能}{section.5.3}% 91
\BOOKMARK [2][-]{subsection.5.3.3}{制浆工艺 }{section.5.3}% 92
\BOOKMARK [1][-]{section.5.4}{水煤浆添加剂}{chapter.5}% 93
\BOOKMARK [2][-]{subsection.5.4.1}{分散剂的作用机理}{section.5.4}% 94
\BOOKMARK [2][-]{subsection.5.4.2}{分散剂}{section.5.4}% 95
\BOOKMARK [2][-]{subsection.5.4.3}{稳定剂}{section.5.4}% 96
\BOOKMARK [2][-]{subsection.5.4.4}{其他辅助添加剂}{section.5.4}% 97
\BOOKMARK [1][-]{section.5.5}{水煤浆在贵州的应用}{chapter.5}% 98
\BOOKMARK [2][-]{subsection.5.5.1}{精煤水煤浆}{section.5.5}% 99
\BOOKMARK [2][-]{subsection.5.5.2}{煤泥水煤浆}{section.5.5}% 100
\BOOKMARK [0][-]{chapter.6}{煤的气化技术}{}% 101
\BOOKMARK [1][-]{section.6.1}{概述}{chapter.6}% 102
\BOOKMARK [2][-]{subsection.6.1.1}{煤气化的定义和实质}{section.6.1}% 103
\BOOKMARK [1][-]{section.6.2}{煤气化的基本原理}{chapter.6}% 104
\BOOKMARK [2][-]{subsection.6.2.1}{基本气化反应}{section.6.2}% 105
\BOOKMARK [1][-]{section.6.3}{气化用煤的特性}{chapter.6}% 106
\BOOKMARK [2][-]{subsection.6.3.1}{煤的反应性}{section.6.3}% 107
\BOOKMARK [2][-]{subsection.6.3.2}{煤的粘结性}{section.6.3}% 108
\BOOKMARK [2][-]{subsection.6.3.3}{煤的结渣性}{section.6.3}% 109
\BOOKMARK [2][-]{subsection.6.3.4}{煤的热稳定性}{section.6.3}% 110
\BOOKMARK [2][-]{subsection.6.3.5}{煤的机械强度}{section.6.3}% 111
\BOOKMARK [2][-]{subsection.6.3.6}{煤的粒度分布}{section.6.3}% 112
\BOOKMARK [2][-]{subsection.6.3.7}{煤中水分、灰分及硫分}{section.6.3}% 113
\BOOKMARK [1][-]{section.6.4}{煤气化工艺分类}{chapter.6}% 114
\BOOKMARK [2][-]{subsection.6.4.1}{按煤料与气化剂的接触方式，煤气化工艺可分为}{section.6.4}% 115
\BOOKMARK [2][-]{subsection.6.4.2}{按向气化过程的供热力式，煤气化工艺可分为}{section.6.4}% 116
\BOOKMARK [2][-]{subsection.6.4.3}{按气化剂种类不同，煤气化工艺可分为}{section.6.4}% 117
\BOOKMARK [2][-]{subsection.6.4.4}{按气化炉内操作压力的高低，煤气化工艺可分为}{section.6.4}% 118
\BOOKMARK [2][-]{subsection.6.4.5}{按气化过程的排灰方式，煤气化工艺可分为}{section.6.4}% 119
\BOOKMARK [2][-]{subsection.6.4.6}{按是否加人催化剂，煤气化工艺可分为}{section.6.4}% 120
\BOOKMARK [2][-]{subsection.6.4.7}{按气化过程是否连续进行，煤气化工艺可分为}{section.6.4}% 121
\BOOKMARK [2][-]{subsection.6.4.8}{为了与地下气化相区别，煤气化工艺可分为}{section.6.4}% 122
\BOOKMARK [1][-]{section.6.5}{典型煤气化工艺}{chapter.6}% 123
\BOOKMARK [2][-]{subsection.6.5.1}{移动床煤气化工艺}{section.6.5}% 124
\BOOKMARK [2][-]{subsection.6.5.2}{流化床气化工艺}{section.6.5}% 125
\BOOKMARK [2][-]{subsection.6.5.3}{U－Gas气化炉}{section.6.5}% 126
\BOOKMARK [2][-]{subsection.6.5.4}{KRW气化工艺 }{section.6.5}% 127
\BOOKMARK [2][-]{subsection.6.5.5}{气流床煤气化工艺}{section.6.5}% 128
\BOOKMARK [1][-]{section.6.6}{煤气化技术的应用 }{chapter.6}% 129
\BOOKMARK [0][-]{chapter.7}{煤的液化技术}{}% 130
\BOOKMARK [1][-]{section.7.1}{煤的直接液化}{chapter.7}% 131
\BOOKMARK [2][-]{subsection.7.1.1}{概述}{section.7.1}% 132
\BOOKMARK [1][-]{section.7.2}{煤的间接液化}{chapter.7}% 133
\BOOKMARK [2][-]{subsection.7.2.1}{概述}{section.7.2}% 134
\BOOKMARK [2][-]{subsection.7.2.2}{煤制备其他液体燃料}{section.7.2}% 135
\BOOKMARK [2][-]{subsection.7.2.3}{我国煤间接液化技术}{section.7.2}% 136
